<?xml version="1.0" encoding="UTF-8"?>
<testng-results ignored="0" total="1" passed="1" failed="0" skipped="0">
  <reporter-output>
  </reporter-output>
  <suite started-at="2022-07-20T15:31:38 PDT" name="Default suite" finished-at="2022-07-20T15:32:02 PDT" duration-ms="24603">
    <groups>
    </groups>
    <test started-at="2022-07-20T15:31:38 PDT" name="Default test" finished-at="2022-07-20T15:32:02 PDT" duration-ms="24603">
      <class name="ShoppingCart.ShoppingCartImplementation">
        <test-method signature="Shoppingcart()[pri:0, instance:ShoppingCart.ShoppingCartImplementation@1d2adfbe]" started-at="2022-07-20T15:31:38 PDT" name="Shoppingcart" finished-at="2022-07-20T15:32:02 PDT" duration-ms="24541" status="PASS">
          <reporter-output>
          </reporter-output>
        </test-method> <!-- Shoppingcart -->
      </class> <!-- ShoppingCart.ShoppingCartImplementation -->
    </test> <!-- Default test -->
  </suite> <!-- Default suite -->
</testng-results>
